-------------------
ACHE Crawler 0.13.0
-------------------

[2021-04-28 21:20:24,543] INFO [main] (LinkFilter.java:115) - Loading link patterns from link_whitelist.txt and link_blacklist.txt at /configs/covid_pt/
[2021-04-28 21:20:24,548] WARN [main] (RegexMatcher.java:90) - Couldn't load patterns from file: /configs/covid_pt/link_whitelist.txt Using a empty list.
[2021-04-28 21:20:24,548] WARN [main] (RegexMatcher.java:90) - Couldn't load patterns from file: /configs/covid_pt/link_blacklist.txt Using a empty list.
[2021-04-28 21:20:24,549] INFO [main] (FrontierManagerFactory.java:36) - LINK_SELECTOR: achecrawler.link.frontier.selector.TopkLinkSelector
[2021-04-28 21:20:24,563] INFO [main] (CrawlScheduler.java:92) - Loading more links from frontier into the scheduler...
[2021-04-28 21:20:24,574] INFO [main] (CrawlScheduler.java:177) - Loaded 0 links.
[2021-04-28 21:20:24,574] INFO [main] (CrawlScheduler.java:177) - Loaded 0 links.
[2021-04-28 21:20:24,701] INFO [main] (FrontierManager.java:236) - Adding 2 seed URL(s)...
[2021-04-28 21:20:25,139] INFO [main] (FrontierManager.java:248) - Added seed URL: https://covid19.min-saude.pt
[2021-04-28 21:20:25,141] INFO [main] (FrontierManager.java:248) - Added seed URL: https://covid19estamoson.gov.pt
WARNING: An illegal reflective access operation has occurred
WARNING: Illegal reflective access by com.esotericsoftware.kryo.util.UnsafeUtil (file:/ache/lib/kryo-4.0.0.jar) to constructor java.nio.DirectByteBuffer(long,int,java.lang.Object)
WARNING: Please consider reporting this to the maintainers of com.esotericsoftware.kryo.util.UnsafeUtil
WARNING: Use --illegal-access=warn to enable warnings of further illegal reflective access operations
WARNING: All illegal access operations will be denied in a future release
[2021-04-28 21:20:25,219] INFO [main] (FrontierManager.java:256) - Number of seeds added: 2
[2021-04-28 21:20:25,219] INFO [main] (FrontierManager.java:260) - Using scope of following domains:
[2021-04-28 21:20:25,219] INFO [main] (FrontierManager.java:262) - covid19estamoson.gov.pt
[2021-04-28 21:20:25,219] INFO [main] (FrontierManager.java:262) - covid19.min-saude.pt
[2021-04-28 21:20:25,221] INFO [main] (TargetClassifierFactory.java:21) - Loading TargetClassifier...
[2021-04-28 21:20:25,224]ERROR [main] (Main.java:260) - Crawler execution failed: Failed to load target classifier model. Please make sure that: 1) you provided the correct path to the model 2) your model was build using an ACHE version compatible with this version 3) your model path contains a pageclassifier.yml file

java.lang.IllegalArgumentException: Failed to load target classifier model. Please make sure that: 1) you provided the correct path to the model 2) your model was build using an ACHE version compatible with this version 3) your model path contains a pageclassifier.yml file
	at achecrawler.target.classifier.TargetClassifierFactory.create(TargetClassifierFactory.java:81)
	at achecrawler.target.TargetStorage.create(TargetStorage.java:127)
	at achecrawler.crawler.async.AsyncCrawler.create(AsyncCrawler.java:117)
	at achecrawler.crawler.CrawlersManager.createCrawler(CrawlersManager.java:104)
	at achecrawler.Main$StartCrawl.run(Main.java:246)
	at achecrawler.Main.main(Main.java:59)
-------------------
ACHE Crawler 0.13.0
-------------------

[2021-04-28 21:22:13,856] INFO [main] (LinkFilter.java:115) - Loading link patterns from link_whitelist.txt and link_blacklist.txt at /configs/covid_pt/
[2021-04-28 21:22:13,862] WARN [main] (RegexMatcher.java:90) - Couldn't load patterns from file: /configs/covid_pt/link_whitelist.txt Using a empty list.
[2021-04-28 21:22:13,863] WARN [main] (RegexMatcher.java:90) - Couldn't load patterns from file: /configs/covid_pt/link_blacklist.txt Using a empty list.
[2021-04-28 21:22:13,864] INFO [main] (FrontierManagerFactory.java:36) - LINK_SELECTOR: achecrawler.link.frontier.selector.TopkLinkSelector
[2021-04-28 21:22:13,880] INFO [main] (CrawlScheduler.java:92) - Loading more links from frontier into the scheduler...
[2021-04-28 21:22:13,893] INFO [main] (CrawlScheduler.java:177) - Loaded 0 links.
[2021-04-28 21:22:13,893] INFO [main] (CrawlScheduler.java:177) - Loaded 0 links.
[2021-04-28 21:22:14,021] INFO [main] (FrontierManager.java:236) - Adding 2 seed URL(s)...
[2021-04-28 21:22:14,392] INFO [main] (FrontierManager.java:248) - Added seed URL: https://covid19.min-saude.pt
[2021-04-28 21:22:14,394] INFO [main] (FrontierManager.java:248) - Added seed URL: https://covid19estamoson.gov.pt
WARNING: An illegal reflective access operation has occurred
WARNING: Illegal reflective access by com.esotericsoftware.kryo.util.UnsafeUtil (file:/ache/lib/kryo-4.0.0.jar) to constructor java.nio.DirectByteBuffer(long,int,java.lang.Object)
WARNING: Please consider reporting this to the maintainers of com.esotericsoftware.kryo.util.UnsafeUtil
WARNING: Use --illegal-access=warn to enable warnings of further illegal reflective access operations
WARNING: All illegal access operations will be denied in a future release
[2021-04-28 21:22:14,469] INFO [main] (FrontierManager.java:256) - Number of seeds added: 2
[2021-04-28 21:22:14,469] INFO [main] (FrontierManager.java:260) - Using scope of following domains:
[2021-04-28 21:22:14,469] INFO [main] (FrontierManager.java:262) - covid19estamoson.gov.pt
[2021-04-28 21:22:14,469] INFO [main] (FrontierManager.java:262) - covid19.min-saude.pt
[2021-04-28 21:22:14,471] INFO [main] (TargetClassifierFactory.java:21) - Loading TargetClassifier...
[2021-04-28 21:22:14,474]ERROR [main] (Main.java:260) - Crawler execution failed: Failed to load target classifier model. Please make sure that: 1) you provided the correct path to the model 2) your model was build using an ACHE version compatible with this version 3) your model path contains a pageclassifier.yml file

java.lang.IllegalArgumentException: Failed to load target classifier model. Please make sure that: 1) you provided the correct path to the model 2) your model was build using an ACHE version compatible with this version 3) your model path contains a pageclassifier.yml file
	at achecrawler.target.classifier.TargetClassifierFactory.create(TargetClassifierFactory.java:81)
	at achecrawler.target.TargetStorage.create(TargetStorage.java:127)
	at achecrawler.crawler.async.AsyncCrawler.create(AsyncCrawler.java:117)
	at achecrawler.crawler.CrawlersManager.createCrawler(CrawlersManager.java:104)
	at achecrawler.Main$StartCrawl.run(Main.java:246)
	at achecrawler.Main.main(Main.java:59)
-------------------
ACHE Crawler 0.13.0
-------------------

[2021-04-28 21:24:28,892] INFO [main] (LinkFilter.java:115) - Loading link patterns from link_whitelist.txt and link_blacklist.txt at /configs/covid_pt/
[2021-04-28 21:24:28,897] WARN [main] (RegexMatcher.java:90) - Couldn't load patterns from file: /configs/covid_pt/link_whitelist.txt Using a empty list.
[2021-04-28 21:24:28,898] WARN [main] (RegexMatcher.java:90) - Couldn't load patterns from file: /configs/covid_pt/link_blacklist.txt Using a empty list.
[2021-04-28 21:24:28,898] INFO [main] (FrontierManagerFactory.java:36) - LINK_SELECTOR: achecrawler.link.frontier.selector.TopkLinkSelector
[2021-04-28 21:24:28,910] INFO [main] (CrawlScheduler.java:92) - Loading more links from frontier into the scheduler...
[2021-04-28 21:24:28,920] INFO [main] (CrawlScheduler.java:177) - Loaded 0 links.
[2021-04-28 21:24:28,920] INFO [main] (CrawlScheduler.java:177) - Loaded 0 links.
[2021-04-28 21:24:29,040] INFO [main] (FrontierManager.java:236) - Adding 2 seed URL(s)...
[2021-04-28 21:24:29,421] INFO [main] (FrontierManager.java:248) - Added seed URL: https://covid19.min-saude.pt
[2021-04-28 21:24:29,423] INFO [main] (FrontierManager.java:248) - Added seed URL: https://covid19estamoson.gov.pt
WARNING: An illegal reflective access operation has occurred
WARNING: Illegal reflective access by com.esotericsoftware.kryo.util.UnsafeUtil (file:/ache/lib/kryo-4.0.0.jar) to constructor java.nio.DirectByteBuffer(long,int,java.lang.Object)
WARNING: Please consider reporting this to the maintainers of com.esotericsoftware.kryo.util.UnsafeUtil
WARNING: Use --illegal-access=warn to enable warnings of further illegal reflective access operations
WARNING: All illegal access operations will be denied in a future release
[2021-04-28 21:24:29,499] INFO [main] (FrontierManager.java:256) - Number of seeds added: 2
[2021-04-28 21:24:29,500] INFO [main] (FrontierManager.java:260) - Using scope of following domains:
[2021-04-28 21:24:29,500] INFO [main] (FrontierManager.java:262) - covid19estamoson.gov.pt
[2021-04-28 21:24:29,500] INFO [main] (FrontierManager.java:262) - covid19.min-saude.pt
[2021-04-28 21:24:29,502] INFO [main] (TargetClassifierFactory.java:21) - Loading TargetClassifier...
[2021-04-28 21:24:29,505]ERROR [main] (Main.java:260) - Crawler execution failed: Failed to load target classifier model. Please make sure that: 1) you provided the correct path to the model 2) your model was build using an ACHE version compatible with this version 3) your model path contains a pageclassifier.yml file

java.lang.IllegalArgumentException: Failed to load target classifier model. Please make sure that: 1) you provided the correct path to the model 2) your model was build using an ACHE version compatible with this version 3) your model path contains a pageclassifier.yml file
	at achecrawler.target.classifier.TargetClassifierFactory.create(TargetClassifierFactory.java:81)
	at achecrawler.target.TargetStorage.create(TargetStorage.java:127)
	at achecrawler.crawler.async.AsyncCrawler.create(AsyncCrawler.java:117)
	at achecrawler.crawler.CrawlersManager.createCrawler(CrawlersManager.java:104)
	at achecrawler.Main$StartCrawl.run(Main.java:246)
	at achecrawler.Main.main(Main.java:59)
-------------------
ACHE Crawler 0.13.0
-------------------

[2021-04-28 21:27:02,611] INFO [main] (LinkFilter.java:115) - Loading link patterns from link_whitelist.txt and link_blacklist.txt at /configs/covid_pt/
[2021-04-28 21:27:02,616] WARN [main] (RegexMatcher.java:90) - Couldn't load patterns from file: /configs/covid_pt/link_whitelist.txt Using a empty list.
[2021-04-28 21:27:02,616] WARN [main] (RegexMatcher.java:90) - Couldn't load patterns from file: /configs/covid_pt/link_blacklist.txt Using a empty list.
[2021-04-28 21:27:02,616] INFO [main] (FrontierManagerFactory.java:36) - LINK_SELECTOR: achecrawler.link.frontier.selector.TopkLinkSelector
[2021-04-28 21:27:02,630] INFO [main] (CrawlScheduler.java:92) - Loading more links from frontier into the scheduler...
WARNING: An illegal reflective access operation has occurred
WARNING: Illegal reflective access by com.esotericsoftware.kryo.util.UnsafeUtil (file:/ache/lib/kryo-4.0.0.jar) to constructor java.nio.DirectByteBuffer(long,int,java.lang.Object)
WARNING: Please consider reporting this to the maintainers of com.esotericsoftware.kryo.util.UnsafeUtil
WARNING: Use --illegal-access=warn to enable warnings of further illegal reflective access operations
WARNING: All illegal access operations will be denied in a future release
[2021-04-28 21:27:03,067] INFO [main] (CrawlScheduler.java:177) - Loaded 0 links.
[2021-04-28 21:27:03,069] INFO [main] (CrawlScheduler.java:177) - Loaded 2 links.
[2021-04-28 21:27:03,166] INFO [main] (FrontierManager.java:236) - Adding 2 seed URL(s)...
[2021-04-28 21:27:03,187] INFO [main] (FrontierManager.java:256) - Number of seeds added: 0
[2021-04-28 21:27:03,188] INFO [main] (FrontierManager.java:260) - Using scope of following domains:
[2021-04-28 21:27:03,188] INFO [main] (FrontierManager.java:262) - covid19estamoson.gov.pt
[2021-04-28 21:27:03,188] INFO [main] (FrontierManager.java:262) - covid19.min-saude.pt
[2021-04-28 21:27:03,190] INFO [main] (TargetClassifierFactory.java:21) - Loading TargetClassifier...
[2021-04-28 21:27:03,193]ERROR [main] (Main.java:260) - Crawler execution failed: Failed to load target classifier model. Please make sure that: 1) you provided the correct path to the model 2) your model was build using an ACHE version compatible with this version 3) your model path contains a pageclassifier.yml file

java.lang.IllegalArgumentException: Failed to load target classifier model. Please make sure that: 1) you provided the correct path to the model 2) your model was build using an ACHE version compatible with this version 3) your model path contains a pageclassifier.yml file
	at achecrawler.target.classifier.TargetClassifierFactory.create(TargetClassifierFactory.java:81)
	at achecrawler.target.TargetStorage.create(TargetStorage.java:127)
	at achecrawler.crawler.async.AsyncCrawler.create(AsyncCrawler.java:117)
	at achecrawler.crawler.CrawlersManager.createCrawler(CrawlersManager.java:104)
	at achecrawler.Main$StartCrawl.run(Main.java:246)
	at achecrawler.Main.main(Main.java:59)
-------------------
ACHE Crawler 0.13.0
-------------------

[2021-04-28 21:27:56,949] INFO [main] (LinkFilter.java:115) - Loading link patterns from link_whitelist.txt and link_blacklist.txt at /configs/covid_pt/
[2021-04-28 21:27:56,957] WARN [main] (RegexMatcher.java:90) - Couldn't load patterns from file: /configs/covid_pt/link_whitelist.txt Using a empty list.
[2021-04-28 21:27:56,958] WARN [main] (RegexMatcher.java:90) - Couldn't load patterns from file: /configs/covid_pt/link_blacklist.txt Using a empty list.
[2021-04-28 21:27:56,959] INFO [main] (FrontierManagerFactory.java:36) - LINK_SELECTOR: achecrawler.link.frontier.selector.TopkLinkSelector
[2021-04-28 21:27:56,975] INFO [main] (CrawlScheduler.java:92) - Loading more links from frontier into the scheduler...
[2021-04-28 21:27:56,987] INFO [main] (CrawlScheduler.java:177) - Loaded 0 links.
[2021-04-28 21:27:56,988] INFO [main] (CrawlScheduler.java:177) - Loaded 0 links.
[2021-04-28 21:27:57,134] INFO [main] (FrontierManager.java:236) - Adding 2 seed URL(s)...
[2021-04-28 21:27:57,498] INFO [main] (FrontierManager.java:248) - Added seed URL: https://covid19.min-saude.pt
[2021-04-28 21:27:57,500] INFO [main] (FrontierManager.java:248) - Added seed URL: https://covid19estamoson.gov.pt
WARNING: An illegal reflective access operation has occurred
WARNING: Illegal reflective access by com.esotericsoftware.kryo.util.UnsafeUtil (file:/ache/lib/kryo-4.0.0.jar) to constructor java.nio.DirectByteBuffer(long,int,java.lang.Object)
WARNING: Please consider reporting this to the maintainers of com.esotericsoftware.kryo.util.UnsafeUtil
WARNING: Use --illegal-access=warn to enable warnings of further illegal reflective access operations
WARNING: All illegal access operations will be denied in a future release
[2021-04-28 21:27:57,586] INFO [main] (FrontierManager.java:256) - Number of seeds added: 2
[2021-04-28 21:27:57,586] INFO [main] (FrontierManager.java:260) - Using scope of following domains:
[2021-04-28 21:27:57,587] INFO [main] (FrontierManager.java:262) - covid19estamoson.gov.pt
[2021-04-28 21:27:57,587] INFO [main] (FrontierManager.java:262) - covid19.min-saude.pt
[2021-04-28 21:27:57,589] INFO [main] (TargetClassifierFactory.java:21) - Loading TargetClassifier...
[2021-04-28 21:27:57,591]ERROR [main] (Main.java:260) - Crawler execution failed: Failed to load target classifier model. Please make sure that: 1) you provided the correct path to the model 2) your model was build using an ACHE version compatible with this version 3) your model path contains a pageclassifier.yml file

java.lang.IllegalArgumentException: Failed to load target classifier model. Please make sure that: 1) you provided the correct path to the model 2) your model was build using an ACHE version compatible with this version 3) your model path contains a pageclassifier.yml file
	at achecrawler.target.classifier.TargetClassifierFactory.create(TargetClassifierFactory.java:81)
	at achecrawler.target.TargetStorage.create(TargetStorage.java:127)
	at achecrawler.crawler.async.AsyncCrawler.create(AsyncCrawler.java:117)
	at achecrawler.crawler.CrawlersManager.createCrawler(CrawlersManager.java:104)
	at achecrawler.Main$StartCrawl.run(Main.java:246)
	at achecrawler.Main.main(Main.java:59)
docker: Error response from daemon: Conflict. The container name "/covid_pt_crawler" is already in use by container "1e55cf53f18aba56a41738abb24f86393a32dd92ba6b92febc61ee15bee8dd03". You have to remove (or rename) that container to be able to reuse that name.
See 'docker run --help'.
-------------------
ACHE Crawler 0.13.0
-------------------

[2021-04-28 21:40:16,477] INFO [main] (LinkFilter.java:115) - Loading link patterns from link_whitelist.txt and link_blacklist.txt at /configs/covid_pt/
[2021-04-28 21:40:16,483] WARN [main] (RegexMatcher.java:90) - Couldn't load patterns from file: /configs/covid_pt/link_whitelist.txt Using a empty list.
[2021-04-28 21:40:16,483] WARN [main] (RegexMatcher.java:90) - Couldn't load patterns from file: /configs/covid_pt/link_blacklist.txt Using a empty list.
[2021-04-28 21:40:16,484] INFO [main] (FrontierManagerFactory.java:36) - LINK_SELECTOR: achecrawler.link.frontier.selector.TopkLinkSelector
[2021-04-28 21:40:16,496] INFO [main] (CrawlScheduler.java:92) - Loading more links from frontier into the scheduler...
[2021-04-28 21:40:16,507] INFO [main] (CrawlScheduler.java:177) - Loaded 0 links.
[2021-04-28 21:40:16,507] INFO [main] (CrawlScheduler.java:177) - Loaded 0 links.
[2021-04-28 21:40:16,630] INFO [main] (FrontierManager.java:236) - Adding 2 seed URL(s)...
[2021-04-28 21:40:17,024] INFO [main] (FrontierManager.java:248) - Added seed URL: https://covid19.min-saude.pt
[2021-04-28 21:40:17,026] INFO [main] (FrontierManager.java:248) - Added seed URL: https://covid19estamoson.gov.pt
WARNING: An illegal reflective access operation has occurred
WARNING: Illegal reflective access by com.esotericsoftware.kryo.util.UnsafeUtil (file:/ache/lib/kryo-4.0.0.jar) to constructor java.nio.DirectByteBuffer(long,int,java.lang.Object)
WARNING: Please consider reporting this to the maintainers of com.esotericsoftware.kryo.util.UnsafeUtil
WARNING: Use --illegal-access=warn to enable warnings of further illegal reflective access operations
WARNING: All illegal access operations will be denied in a future release
[2021-04-28 21:40:17,101] INFO [main] (FrontierManager.java:256) - Number of seeds added: 2
[2021-04-28 21:40:17,101] INFO [main] (FrontierManager.java:260) - Using scope of following domains:
[2021-04-28 21:40:17,102] INFO [main] (FrontierManager.java:262) - covid19estamoson.gov.pt
[2021-04-28 21:40:17,102] INFO [main] (FrontierManager.java:262) - covid19.min-saude.pt
[2021-04-28 21:40:17,104] INFO [main] (TargetClassifierFactory.java:21) - Loading TargetClassifier...
[2021-04-28 21:40:17,107]ERROR [main] (Main.java:260) - Crawler execution failed: Failed to load target classifier model. Please make sure that: 1) you provided the correct path to the model 2) your model was build using an ACHE version compatible with this version 3) your model path contains a pageclassifier.yml file

java.lang.IllegalArgumentException: Failed to load target classifier model. Please make sure that: 1) you provided the correct path to the model 2) your model was build using an ACHE version compatible with this version 3) your model path contains a pageclassifier.yml file
	at achecrawler.target.classifier.TargetClassifierFactory.create(TargetClassifierFactory.java:81)
	at achecrawler.target.TargetStorage.create(TargetStorage.java:127)
	at achecrawler.crawler.async.AsyncCrawler.create(AsyncCrawler.java:117)
	at achecrawler.crawler.CrawlersManager.createCrawler(CrawlersManager.java:104)
	at achecrawler.Main$StartCrawl.run(Main.java:246)
	at achecrawler.Main.main(Main.java:59)
-------------------
ACHE Crawler 0.13.0
-------------------

[2021-04-28 21:44:46,446] INFO [main] (LinkFilter.java:115) - Loading link patterns from link_whitelist.txt and link_blacklist.txt at /configs/covid_pt/
[2021-04-28 21:44:46,455] WARN [main] (RegexMatcher.java:90) - Couldn't load patterns from file: /configs/covid_pt/link_whitelist.txt Using a empty list.
[2021-04-28 21:44:46,455] WARN [main] (RegexMatcher.java:90) - Couldn't load patterns from file: /configs/covid_pt/link_blacklist.txt Using a empty list.
[2021-04-28 21:44:46,456] INFO [main] (FrontierManagerFactory.java:36) - LINK_SELECTOR: achecrawler.link.frontier.selector.TopkLinkSelector
[2021-04-28 21:44:46,468] INFO [main] (CrawlScheduler.java:92) - Loading more links from frontier into the scheduler...
[2021-04-28 21:44:46,477] INFO [main] (CrawlScheduler.java:177) - Loaded 0 links.
[2021-04-28 21:44:46,477] INFO [main] (CrawlScheduler.java:177) - Loaded 0 links.
[2021-04-28 21:44:46,602] INFO [main] (FrontierManager.java:236) - Adding 2 seed URL(s)...
[2021-04-28 21:44:47,005] INFO [main] (FrontierManager.java:248) - Added seed URL: https://covid19.min-saude.pt
[2021-04-28 21:44:47,008] INFO [main] (FrontierManager.java:248) - Added seed URL: https://covid19estamoson.gov.pt
WARNING: An illegal reflective access operation has occurred
WARNING: Illegal reflective access by com.esotericsoftware.kryo.util.UnsafeUtil (file:/ache/lib/kryo-4.0.0.jar) to constructor java.nio.DirectByteBuffer(long,int,java.lang.Object)
WARNING: Please consider reporting this to the maintainers of com.esotericsoftware.kryo.util.UnsafeUtil
WARNING: Use --illegal-access=warn to enable warnings of further illegal reflective access operations
WARNING: All illegal access operations will be denied in a future release
[2021-04-28 21:44:47,087] INFO [main] (FrontierManager.java:256) - Number of seeds added: 2
[2021-04-28 21:44:47,087] INFO [main] (FrontierManager.java:260) - Using scope of following domains:
[2021-04-28 21:44:47,087] INFO [main] (FrontierManager.java:262) - covid19estamoson.gov.pt
[2021-04-28 21:44:47,088] INFO [main] (FrontierManager.java:262) - covid19.min-saude.pt
[2021-04-28 21:44:47,089] INFO [main] (TargetClassifierFactory.java:21) - Loading TargetClassifier...
[2021-04-28 21:44:47,095]ERROR [main] (Main.java:260) - Crawler execution failed: while parsing a flow sequence
 in 'reader', line 3, column 24:
      regular_expressions: [
                           ^
expected ',' or ']', but got Scalar
 in 'reader', line 5, column 5:
        ".*corona(virus)?.*",
        ^

 at [Source: (File); line: 4, column: 16]

com.fasterxml.jackson.dataformat.yaml.snakeyaml.error.MarkedYAMLException: while parsing a flow sequence
 in 'reader', line 3, column 24:
      regular_expressions: [
                           ^
expected ',' or ']', but got Scalar
 in 'reader', line 5, column 5:
        ".*corona(virus)?.*",
        ^

 at [Source: (File); line: 4, column: 16]
	at com.fasterxml.jackson.dataformat.yaml.snakeyaml.error.MarkedYAMLException.from(MarkedYAMLException.java:27)
	at com.fasterxml.jackson.dataformat.yaml.YAMLParser.nextToken(YAMLParser.java:343)
	at com.fasterxml.jackson.databind.deser.std.BaseNodeDeserializer.deserializeArray(JsonNodeDeserializer.java:431)
	at com.fasterxml.jackson.databind.deser.std.BaseNodeDeserializer.deserializeObject(JsonNodeDeserializer.java:258)
	at com.fasterxml.jackson.databind.deser.std.BaseNodeDeserializer.deserializeObject(JsonNodeDeserializer.java:255)
	at com.fasterxml.jackson.databind.deser.std.JsonNodeDeserializer.deserialize(JsonNodeDeserializer.java:68)
	at com.fasterxml.jackson.databind.deser.std.JsonNodeDeserializer.deserialize(JsonNodeDeserializer.java:15)
	at com.fasterxml.jackson.databind.ObjectMapper._readTreeAndClose(ObjectMapper.java:4044)
	at com.fasterxml.jackson.databind.ObjectMapper.readTree(ObjectMapper.java:2585)
	at achecrawler.target.classifier.TargetClassifierFactory.create(TargetClassifierFactory.java:31)
	at achecrawler.target.TargetStorage.create(TargetStorage.java:127)
	at achecrawler.crawler.async.AsyncCrawler.create(AsyncCrawler.java:117)
	at achecrawler.crawler.CrawlersManager.createCrawler(CrawlersManager.java:104)
	at achecrawler.Main$StartCrawl.run(Main.java:246)
	at achecrawler.Main.main(Main.java:59)
Caused by: org.yaml.snakeyaml.parser.ParserException: while parsing a flow sequence
 in 'reader', line 3, column 24:
      regular_expressions: [
                           ^
expected ',' or ']', but got Scalar
 in 'reader', line 5, column 5:
        ".*corona(virus)?.*",
        ^

	at org.yaml.snakeyaml.parser.ParserImpl$ParseFlowSequenceEntry.produce(ParserImpl.java:634)
	at org.yaml.snakeyaml.parser.ParserImpl.peekEvent(ParserImpl.java:157)
	at org.yaml.snakeyaml.parser.ParserImpl.getEvent(ParserImpl.java:167)
	at com.fasterxml.jackson.dataformat.yaml.YAMLParser.nextToken(YAMLParser.java:340)
	... 13 common frames omitted
-------------------
ACHE Crawler 0.13.0
-------------------

[2021-04-28 21:47:46,299] INFO [main] (LinkFilter.java:115) - Loading link patterns from link_whitelist.txt and link_blacklist.txt at /configs/covid_pt/
[2021-04-28 21:47:46,307] WARN [main] (RegexMatcher.java:90) - Couldn't load patterns from file: /configs/covid_pt/link_whitelist.txt Using a empty list.
[2021-04-28 21:47:46,307] WARN [main] (RegexMatcher.java:90) - Couldn't load patterns from file: /configs/covid_pt/link_blacklist.txt Using a empty list.
[2021-04-28 21:47:46,308] INFO [main] (FrontierManagerFactory.java:36) - LINK_SELECTOR: achecrawler.link.frontier.selector.TopkLinkSelector
[2021-04-28 21:47:46,326] INFO [main] (CrawlScheduler.java:92) - Loading more links from frontier into the scheduler...
WARNING: An illegal reflective access operation has occurred
WARNING: Illegal reflective access by com.esotericsoftware.kryo.util.UnsafeUtil (file:/ache/lib/kryo-4.0.0.jar) to constructor java.nio.DirectByteBuffer(long,int,java.lang.Object)
WARNING: Please consider reporting this to the maintainers of com.esotericsoftware.kryo.util.UnsafeUtil
WARNING: Use --illegal-access=warn to enable warnings of further illegal reflective access operations
WARNING: All illegal access operations will be denied in a future release
[2021-04-28 21:47:46,789] INFO [main] (CrawlScheduler.java:177) - Loaded 0 links.
[2021-04-28 21:47:46,791] INFO [main] (CrawlScheduler.java:177) - Loaded 2 links.
[2021-04-28 21:47:46,884] INFO [main] (FrontierManager.java:236) - Adding 2 seed URL(s)...
[2021-04-28 21:47:46,907] INFO [main] (FrontierManager.java:256) - Number of seeds added: 0
[2021-04-28 21:47:46,907] INFO [main] (FrontierManager.java:260) - Using scope of following domains:
[2021-04-28 21:47:46,907] INFO [main] (FrontierManager.java:262) - covid19estamoson.gov.pt
[2021-04-28 21:47:46,908] INFO [main] (FrontierManager.java:262) - covid19.min-saude.pt
[2021-04-28 21:47:46,910] INFO [main] (TargetClassifierFactory.java:21) - Loading TargetClassifier...
[2021-04-28 21:47:46,915]ERROR [main] (Main.java:260) - Crawler execution failed: while scanning for the next token
found character '\t(TAB)' that cannot start any token. (Do not use \t(TAB) for indentation)
 in 'reader', line 3, column 1:
    	regular_expressions: [
    ^

 at [Source: (File); line: 2, column: 11]

com.fasterxml.jackson.dataformat.yaml.snakeyaml.error.MarkedYAMLException: while scanning for the next token
found character '\t(TAB)' that cannot start any token. (Do not use \t(TAB) for indentation)
 in 'reader', line 3, column 1:
    	regular_expressions: [
    ^

 at [Source: (File); line: 2, column: 11]
	at com.fasterxml.jackson.dataformat.yaml.snakeyaml.error.MarkedYAMLException.from(MarkedYAMLException.java:27)
	at com.fasterxml.jackson.dataformat.yaml.YAMLParser.nextToken(YAMLParser.java:343)
	at com.fasterxml.jackson.databind.deser.std.BaseNodeDeserializer.deserializeObject(JsonNodeDeserializer.java:249)
	at com.fasterxml.jackson.databind.deser.std.JsonNodeDeserializer.deserialize(JsonNodeDeserializer.java:68)
	at com.fasterxml.jackson.databind.deser.std.JsonNodeDeserializer.deserialize(JsonNodeDeserializer.java:15)
	at com.fasterxml.jackson.databind.ObjectMapper._readTreeAndClose(ObjectMapper.java:4044)
	at com.fasterxml.jackson.databind.ObjectMapper.readTree(ObjectMapper.java:2585)
	at achecrawler.target.classifier.TargetClassifierFactory.create(TargetClassifierFactory.java:31)
	at achecrawler.target.TargetStorage.create(TargetStorage.java:127)
	at achecrawler.crawler.async.AsyncCrawler.create(AsyncCrawler.java:117)
	at achecrawler.crawler.CrawlersManager.createCrawler(CrawlersManager.java:104)
	at achecrawler.Main$StartCrawl.run(Main.java:246)
	at achecrawler.Main.main(Main.java:59)
Caused by: org.yaml.snakeyaml.scanner.ScannerException: while scanning for the next token
found character '\t(TAB)' that cannot start any token. (Do not use \t(TAB) for indentation)
 in 'reader', line 3, column 1:
    	regular_expressions: [
    ^

	at org.yaml.snakeyaml.scanner.ScannerImpl.fetchMoreTokens(ScannerImpl.java:420)
	at org.yaml.snakeyaml.scanner.ScannerImpl.checkToken(ScannerImpl.java:226)
	at org.yaml.snakeyaml.parser.ParserImpl$ParseBlockMappingValue.produce(ParserImpl.java:585)
	at org.yaml.snakeyaml.parser.ParserImpl.peekEvent(ParserImpl.java:157)
	at org.yaml.snakeyaml.parser.ParserImpl.getEvent(ParserImpl.java:167)
	at com.fasterxml.jackson.dataformat.yaml.YAMLParser.nextToken(YAMLParser.java:340)
	... 11 common frames omitted
-------------------
ACHE Crawler 0.13.0
-------------------

[2021-04-28 21:48:38,727] INFO [main] (LinkFilter.java:115) - Loading link patterns from link_whitelist.txt and link_blacklist.txt at /configs/covid_pt/
[2021-04-28 21:48:38,733] WARN [main] (RegexMatcher.java:90) - Couldn't load patterns from file: /configs/covid_pt/link_whitelist.txt Using a empty list.
[2021-04-28 21:48:38,733] WARN [main] (RegexMatcher.java:90) - Couldn't load patterns from file: /configs/covid_pt/link_blacklist.txt Using a empty list.
[2021-04-28 21:48:38,734] INFO [main] (FrontierManagerFactory.java:36) - LINK_SELECTOR: achecrawler.link.frontier.selector.TopkLinkSelector
[2021-04-28 21:48:38,750] INFO [main] (CrawlScheduler.java:92) - Loading more links from frontier into the scheduler...
[2021-04-28 21:48:38,760] INFO [main] (CrawlScheduler.java:177) - Loaded 0 links.
[2021-04-28 21:48:38,761] INFO [main] (CrawlScheduler.java:177) - Loaded 0 links.
[2021-04-28 21:48:38,886] INFO [main] (FrontierManager.java:236) - Adding 2 seed URL(s)...
[2021-04-28 21:48:39,310] INFO [main] (FrontierManager.java:248) - Added seed URL: https://covid19.min-saude.pt
[2021-04-28 21:48:39,312] INFO [main] (FrontierManager.java:248) - Added seed URL: https://covid19estamoson.gov.pt
WARNING: An illegal reflective access operation has occurred
WARNING: Illegal reflective access by com.esotericsoftware.kryo.util.UnsafeUtil (file:/ache/lib/kryo-4.0.0.jar) to constructor java.nio.DirectByteBuffer(long,int,java.lang.Object)
WARNING: Please consider reporting this to the maintainers of com.esotericsoftware.kryo.util.UnsafeUtil
WARNING: Use --illegal-access=warn to enable warnings of further illegal reflective access operations
WARNING: All illegal access operations will be denied in a future release
[2021-04-28 21:48:39,396] INFO [main] (FrontierManager.java:256) - Number of seeds added: 2
[2021-04-28 21:48:39,397] INFO [main] (FrontierManager.java:260) - Using scope of following domains:
[2021-04-28 21:48:39,397] INFO [main] (FrontierManager.java:262) - covid19estamoson.gov.pt
[2021-04-28 21:48:39,397] INFO [main] (FrontierManager.java:262) - covid19.min-saude.pt
[2021-04-28 21:48:39,399] INFO [main] (TargetClassifierFactory.java:21) - Loading TargetClassifier...
[2021-04-28 21:48:39,403] INFO [main] (TargetClassifierFactory.java:35) - TARGET_CLASSIFIER: url_regex
[2021-04-28 21:48:39,408] INFO [main] (TargetRepositoryFactory.java:57) - Loading repository with data_format=FILESYSTEM_JSON from /data/covid_pt/default/data_pages
[2021-04-28 21:48:41,075] INFO [main] (StaticFilesConfiguration.java:137) - StaticResourceHandler configured with folder = /public
[2021-04-28 21:48:41,132] INFO [Thread-1] (Log.java:186) - Logging initialized @3904ms
[2021-04-28 21:48:41,189] INFO [Thread-1] (EmbeddedJettyServer.java:126) - == Spark has ignited ...
[2021-04-28 21:48:41,190] INFO [Thread-1] (EmbeddedJettyServer.java:127) - >> Listening on 0.0.0.0:8080
[2021-04-28 21:48:41,192] INFO [Thread-1] (Server.java:345) - jetty-9.3.6.v20151106
[2021-04-28 21:48:41,231] INFO [Thread-1] (AbstractConnector.java:270) - Started ServerConnector@36f1839f{HTTP/1.1,[http/1.1]}{0.0.0.0:8080}
[2021-04-28 21:48:41,232] INFO [Thread-1] (Server.java:397) - Started @4003ms
[2021-04-28 21:48:41,232] INFO [main] (RestServer.java:113) - ---------------------------------------------
[2021-04-28 21:48:41,232] INFO [main] (RestServer.java:114) - ACHE server available at http://0.0.0.0:8080
[2021-04-28 21:48:41,233] INFO [main] (RestServer.java:115) - ---------------------------------------------
[2021-04-28 21:48:41,239] INFO [FrontierLinkLoader] (CrawlScheduler.java:208) - Starting scheduler queues reload...
[2021-04-28 21:48:41,240] INFO [FrontierLinkLoader] (CrawlScheduler.java:92) - Loading more links from frontier into the scheduler...
[2021-04-28 21:48:41,239] INFO [AsyncCrawler] (AsyncCrawler.java:77) - Waiting for links from pages being downloaded...
[2021-04-28 21:48:41,263] INFO [FrontierLinkLoader] (CrawlScheduler.java:177) - Loaded 0 links.
[2021-04-28 21:48:41,265] INFO [FrontierLinkLoader] (CrawlScheduler.java:177) - Loaded 2 links.
[2021-04-28 21:48:41,265] INFO [FrontierLinkLoader] (CrawlScheduler.java:212) - Reload done.
[2021-04-28 21:48:42,262] INFO [AsyncCrawler] (AsyncCrawler.java:77) - Waiting for links from pages being downloaded...
[2021-04-28 21:48:42,263] INFO [FrontierLinkLoader] (CrawlScheduler.java:208) - Starting scheduler queues reload...
[2021-04-28 21:48:42,263] INFO [FrontierLinkLoader] (CrawlScheduler.java:92) - Loading more links from frontier into the scheduler...
[2021-04-28 21:48:42,269] INFO [FrontierLinkLoader] (CrawlScheduler.java:177) - Loaded 0 links.
[2021-04-28 21:48:42,269] INFO [FrontierLinkLoader] (CrawlScheduler.java:177) - Loaded 0 links.
[2021-04-28 21:48:42,269] INFO [FrontierLinkLoader] (CrawlScheduler.java:212) - Reload done.
[2021-04-28 21:48:43,271] INFO [AsyncCrawler] (AsyncCrawler.java:77) - Waiting for links from pages being downloaded...
[2021-04-28 21:48:43,274] INFO [FrontierLinkLoader] (CrawlScheduler.java:208) - Starting scheduler queues reload...
[2021-04-28 21:48:43,275] INFO [FrontierLinkLoader] (CrawlScheduler.java:92) - Loading more links from frontier into the scheduler...
[2021-04-28 21:48:43,276] INFO [FrontierLinkLoader] (CrawlScheduler.java:177) - Loaded 0 links.
[2021-04-28 21:48:43,277] INFO [FrontierLinkLoader] (CrawlScheduler.java:177) - Loaded 0 links.
[2021-04-28 21:48:43,277] INFO [FrontierLinkLoader] (CrawlScheduler.java:212) - Reload done.
[2021-04-28 21:48:44,272] INFO [FrontierLinkLoader] (CrawlScheduler.java:208) - Starting scheduler queues reload...
[2021-04-28 21:48:44,273] INFO [FrontierLinkLoader] (CrawlScheduler.java:92) - Loading more links from frontier into the scheduler...
[2021-04-28 21:48:44,272] INFO [AsyncCrawler] (AsyncCrawler.java:77) - Waiting for links from pages being downloaded...
[2021-04-28 21:48:44,306] INFO [FrontierLinkLoader] (CrawlScheduler.java:177) - Loaded 0 links.
[2021-04-28 21:48:44,313] INFO [FrontierLinkLoader] (CrawlScheduler.java:177) - Loaded 69 links.
[2021-04-28 21:48:44,314] INFO [FrontierLinkLoader] (CrawlScheduler.java:212) - Reload done.
[2021-04-28 21:48:45,277] INFO [AsyncCrawler] (AsyncCrawler.java:77) - Waiting for links from pages being downloaded...
[2021-04-28 21:48:45,277] INFO [FrontierLinkLoader] (CrawlScheduler.java:208) - Starting scheduler queues reload...
[2021-04-28 21:48:45,279] INFO [FrontierLinkLoader] (CrawlScheduler.java:92) - Loading more links from frontier into the scheduler...
[2021-04-28 21:48:45,297] INFO [FrontierLinkLoader] (CrawlScheduler.java:177) - Loaded 0 links.
[2021-04-28 21:48:45,302] INFO [FrontierLinkLoader] (CrawlScheduler.java:177) - Loaded 69 links.
[2021-04-28 21:48:45,302] INFO [FrontierLinkLoader] (CrawlScheduler.java:212) - Reload done.
[2021-04-28 21:48:46,279] INFO [FrontierLinkLoader] (CrawlScheduler.java:208) - Starting scheduler queues reload...
[2021-04-28 21:48:46,280] INFO [FrontierLinkLoader] (CrawlScheduler.java:92) - Loading more links from frontier into the scheduler...
[2021-04-28 21:48:46,279] INFO [AsyncCrawler] (AsyncCrawler.java:77) - Waiting for links from pages being downloaded...
[2021-04-28 21:48:46,294] INFO [FrontierLinkLoader] (CrawlScheduler.java:177) - Loaded 0 links.
[2021-04-28 21:48:46,297] INFO [FrontierLinkLoader] (CrawlScheduler.java:177) - Loaded 69 links.
[2021-04-28 21:48:46,297] INFO [FrontierLinkLoader] (CrawlScheduler.java:212) - Reload done.
[2021-04-28 21:48:47,291] INFO [AsyncCrawler] (AsyncCrawler.java:77) - Waiting for links from pages being downloaded...
[2021-04-28 21:48:47,292] INFO [FrontierLinkLoader] (CrawlScheduler.java:208) - Starting scheduler queues reload...
[2021-04-28 21:48:47,294] INFO [FrontierLinkLoader] (CrawlScheduler.java:92) - Loading more links from frontier into the scheduler...
[2021-04-28 21:48:47,301] INFO [FrontierLinkLoader] (CrawlScheduler.java:177) - Loaded 0 links.
[2021-04-28 21:48:47,302] INFO [FrontierLinkLoader] (CrawlScheduler.java:177) - Loaded 67 links.
[2021-04-28 21:48:47,302] INFO [FrontierLinkLoader] (CrawlScheduler.java:212) - Reload done.
[2021-04-28 21:48:48,294] INFO [AsyncCrawler] (AsyncCrawler.java:77) - Waiting for links from pages being downloaded...
[2021-04-28 21:48:48,294] INFO [FrontierLinkLoader] (CrawlScheduler.java:208) - Starting scheduler queues reload...
[2021-04-28 21:48:48,295] INFO [FrontierLinkLoader] (CrawlScheduler.java:92) - Loading more links from frontier into the scheduler...
[2021-04-28 21:48:48,320] INFO [FrontierLinkLoader] (CrawlScheduler.java:177) - Loaded 0 links.
[2021-04-28 21:48:48,323] INFO [FrontierLinkLoader] (CrawlScheduler.java:177) - Loaded 107 links.
[2021-04-28 21:48:48,323] INFO [FrontierLinkLoader] (CrawlScheduler.java:212) - Reload done.
[2021-04-28 21:48:49,295] INFO [AsyncCrawler] (AsyncCrawler.java:77) - Waiting for links from pages being downloaded...
[2021-04-28 21:48:49,295] INFO [FrontierLinkLoader] (CrawlScheduler.java:208) - Starting scheduler queues reload...
[2021-04-28 21:48:49,296] INFO [FrontierLinkLoader] (CrawlScheduler.java:92) - Loading more links from frontier into the scheduler...
[2021-04-28 21:48:49,307] INFO [FrontierLinkLoader] (CrawlScheduler.java:177) - Loaded 0 links.
[2021-04-28 21:48:49,310] INFO [FrontierLinkLoader] (CrawlScheduler.java:177) - Loaded 107 links.
[2021-04-28 21:48:49,311] INFO [FrontierLinkLoader] (CrawlScheduler.java:212) - Reload done.
[2021-04-28 21:48:50,295] INFO [AsyncCrawler] (AsyncCrawler.java:96) - Starting crawler shutdown...
[2021-04-28 21:48:50,296] INFO [AsyncCrawler] (HttpDownloader.java:214) - Waiting downloads be finalized...
[2021-04-28 21:48:50,298] INFO [AsyncCrawler] (LinkStorage.java:63) - Shutting down FrontierManager...
[2021-04-28 21:48:50,334] INFO [AsyncCrawler] (LinkStorage.java:65) - done.
[2021-04-28 21:48:50,336] INFO [AsyncCrawler] (AsyncCrawler.java:104) - Shutdown finished.
